{"level":"info","message":"✔️ Loaded 0 events","timestamp":"2024-07-29_17:43:35"}
{"level":"error","message":"❌ Failed to load event ready.js","timestamp":"2024-07-29_17:43:44"}
{"level":"info","message":"✔️ Loaded 1 events","timestamp":"2024-07-29_17:43:44"}
{"level":"info","message":"✔️ Loaded 1 events","timestamp":"2024-07-29_17:45:28"}
{"level":"load","message":"⏳ Load event ready","timestamp":"2024-07-29_17:45:28"}
{"code":"ENOENT","errno":-4058,"level":"error","message":"ENOENT: no such file or directory, scandir 'C:\\Users\\dev\\Desktop\\MPBot\\commands'","path":"C:\\Users\\dev\\Desktop\\MPBot\\commands","stack":"Error: ENOENT: no such file or directory, scandir 'C:\\Users\\dev\\Desktop\\MPBot\\commands'\n    at Object.readdirSync (node:fs:1507:26)\n    at Object.execute (C:\\Users\\dev\\Desktop\\MPBot\\events\\ready.js:14:39)\n    at Client.eventHandler (C:\\Users\\dev\\Desktop\\MPBot\\handlers\\events.js:14:49)\n    at Object.onceWrapper (node:events:634:26)\n    at Client.emit (node:events:519:28)\n    at WebSocketManager.triggerClientReady (C:\\Users\\dev\\Desktop\\MPBot\\node_modules\\discord.js\\src\\client\\websocket\\WebSocketManager.js:388:17)\n    at WebSocketManager.checkShardsReady (C:\\Users\\dev\\Desktop\\MPBot\\node_modules\\discord.js\\src\\client\\websocket\\WebSocketManager.js:371:10)\n    at WebSocketShard.<anonymous> (C:\\Users\\dev\\Desktop\\MPBot\\node_modules\\discord.js\\src\\client\\websocket\\WebSocketManager.js:201:16)\n    at WebSocketShard.emit (node:events:519:28)\n    at WebSocketShard.checkReady (C:\\Users\\dev\\Desktop\\MPBot\\node_modules\\discord.js\\src\\client\\websocket\\WebSocketShard.js:181:12)","syscall":"scandir","timestamp":"2024-07-29_17:45:29"}
{"level":"info","message":"✔️ Loaded 1 events","timestamp":"2024-07-29_17:45:40"}
{"level":"load","message":"⏳ Load event ready","timestamp":"2024-07-29_17:45:40"}
{"code":"ENOENT","errno":-4058,"level":"error","message":"ENOENT: no such file or directory, scandir 'C:\\Users\\dev\\Desktop\\MPBot\\commands'","path":"C:\\Users\\dev\\Desktop\\MPBot\\commands","stack":"Error: ENOENT: no such file or directory, scandir 'C:\\Users\\dev\\Desktop\\MPBot\\commands'\n    at Object.readdirSync (node:fs:1507:26)\n    at Object.execute (C:\\Users\\dev\\Desktop\\MPBot\\events\\ready.js:14:39)\n    at Client.eventHandler (C:\\Users\\dev\\Desktop\\MPBot\\handlers\\events.js:14:49)\n    at Object.onceWrapper (node:events:634:26)\n    at Client.emit (node:events:519:28)\n    at WebSocketManager.triggerClientReady (C:\\Users\\dev\\Desktop\\MPBot\\node_modules\\discord.js\\src\\client\\websocket\\WebSocketManager.js:388:17)\n    at WebSocketManager.checkShardsReady (C:\\Users\\dev\\Desktop\\MPBot\\node_modules\\discord.js\\src\\client\\websocket\\WebSocketManager.js:371:10)\n    at WebSocketShard.<anonymous> (C:\\Users\\dev\\Desktop\\MPBot\\node_modules\\discord.js\\src\\client\\websocket\\WebSocketManager.js:201:16)\n    at WebSocketShard.emit (node:events:519:28)\n    at WebSocketShard.checkReady (C:\\Users\\dev\\Desktop\\MPBot\\node_modules\\discord.js\\src\\client\\websocket\\WebSocketShard.js:181:12)","syscall":"scandir","timestamp":"2024-07-29_17:45:41"}
{"level":"info","message":"✔️  Logged in as MPBot#3353","timestamp":"2024-07-29_17:45:41"}
{"level":"info","message":"✔️ Loaded 1 events","timestamp":"2024-07-29_17:45:50"}
{"level":"load","message":"⏳ Load event ready","timestamp":"2024-07-29_17:45:50"}
{"level":"load","message":"⏳ Started refreshing application (/) commands.","timestamp":"2024-07-29_17:45:51"}
{"level":"error","message":"Expected token to be set for this request, but none was present","stack":"Error: Expected token to be set for this request, but none was present\n    at _REST.resolveRequest (C:\\Users\\dev\\Desktop\\MPBot\\node_modules\\@discordjs\\rest\\dist\\index.js:1352:15)\n    at _REST.queueRequest (C:\\Users\\dev\\Desktop\\MPBot\\node_modules\\@discordjs\\rest\\dist\\index.js:1312:46)\n    at _REST.request (C:\\Users\\dev\\Desktop\\MPBot\\node_modules\\@discordjs\\rest\\dist\\index.js:1278:33)\n    at _REST.put (C:\\Users\\dev\\Desktop\\MPBot\\node_modules\\@discordjs\\rest\\dist\\index.js:1261:17)\n    at Object.execute (C:\\Users\\dev\\Desktop\\MPBot\\events\\ready.js:35:28)\n    at Client.eventHandler (C:\\Users\\dev\\Desktop\\MPBot\\handlers\\events.js:14:49)\n    at Object.onceWrapper (node:events:634:26)\n    at Client.emit (node:events:519:28)\n    at WebSocketManager.triggerClientReady (C:\\Users\\dev\\Desktop\\MPBot\\node_modules\\discord.js\\src\\client\\websocket\\WebSocketManager.js:388:17)\n    at WebSocketManager.checkShardsReady (C:\\Users\\dev\\Desktop\\MPBot\\node_modules\\discord.js\\src\\client\\websocket\\WebSocketManager.js:371:10)","timestamp":"2024-07-29_17:45:51"}
{"level":"info","message":"✔️  Logged in as MPBot#3353","timestamp":"2024-07-29_17:45:51"}
{"level":"info","message":"✔️ Loaded 1 events","timestamp":"2024-07-29_17:46:00"}
{"level":"load","message":"⏳ Load event ready","timestamp":"2024-07-29_17:46:00"}
{"level":"load","message":"⏳ Started refreshing application (/) commands.","timestamp":"2024-07-29_17:46:01"}
{"level":"info","message":"✔️  Successfully reloaded 0 application (/) commands.","timestamp":"2024-07-29_17:46:01"}
{"level":"info","message":"✔️  Logged in as MPBot#3353","timestamp":"2024-07-29_17:46:01"}
{"level":"info","message":"✔️ Loaded 1 events","timestamp":"2024-07-29_17:46:21"}
{"level":"load","message":"⏳ Load event ready","timestamp":"2024-07-29_17:46:21"}
{"level":"load","message":"⏳ Started refreshing application (/) commands.","timestamp":"2024-07-29_17:46:22"}
{"level":"info","message":"✔️  Successfully reloaded 0 application (/) commands.","timestamp":"2024-07-29_17:46:22"}
{"level":"info","message":"✔️  Logged in as MPBot#3353","timestamp":"2024-07-29_17:46:22"}
{"level":"info","message":"✔️ Loaded 1 events","timestamp":"2024-07-29_17:46:29"}
{"level":"load","message":"⏳ Load event ready","timestamp":"2024-07-29_17:46:29"}
{"level":"load","message":"⏳ Started refreshing application (/) commands.","timestamp":"2024-07-29_17:46:30"}
{"level":"info","message":"✔️  Successfully reloaded 0 application (/) commands.","timestamp":"2024-07-29_17:47:01"}
{"level":"info","message":"✔️  Logged in as MPBot#3353","timestamp":"2024-07-29_17:47:01"}
